{
  "RSpec": {
    "coverage": {
      "/home/ec2-user/environment/TAMURAT_NEW/app/models/user.rb": [
        1,
        1,
        1,
        null,
        1,
        null,
        1,
        null,
        1,
        null,
        null,
        1,
        null,
        1,
        null,
        1,
        null,
        1,
        1,
        1,
        null,
        null,
        1,
        1,
        1,
        1,
        1,
        null,
        null,
        null,
        1,
        0,
        0,
        0,
        null,
        null,
        1,
        3,
        null,
        null,
        1,
        0,
        null,
        0,
        null,
        null,
        null,
        1,
        null,
        null,
        0,
        0,
        0,
        0,
        null,
        null,
        null,
        1,
        0,
        0,
        0,
        null,
        null,
        null,
        1,
        0,
        null,
        null,
        null,
        1,
        0,
        0,
        0,
        null,
        null,
        null,
        null,
        null,
        null,
        null,
        null,
        null,
        null,
        null,
        1,
        null,
        1,
        24,
        null,
        null,
        null
      ],
      "/home/ec2-user/environment/TAMURAT_NEW/app/models/application_record.rb": [
        1,
        1,
        null
      ],
      "/home/ec2-user/environment/TAMURAT_NEW/app/helpers/account_activations_helper.rb": [
        1,
        null
      ],
      "/home/ec2-user/environment/TAMURAT_NEW/app/helpers/answers_helper.rb": [
        1,
        null
      ],
      "/home/ec2-user/environment/TAMURAT_NEW/app/helpers/application_helper.rb": [
        1,
        null,
        1,
        0,
        0,
        0,
        null,
        0,
        null,
        null,
        null
      ],
      "/home/ec2-user/environment/TAMURAT_NEW/app/helpers/categories_helper.rb": [
        1,
        null
      ],
      "/home/ec2-user/environment/TAMURAT_NEW/app/helpers/password_resets_helper.rb": [
        1,
        null
      ],
      "/home/ec2-user/environment/TAMURAT_NEW/app/helpers/questions_helper.rb": [
        1,
        null
      ],
      "/home/ec2-user/environment/TAMURAT_NEW/app/helpers/scale_helper.rb": [
        1,
        null
      ],
      "/home/ec2-user/environment/TAMURAT_NEW/app/helpers/scales_helper.rb": [
        1,
        null
      ],
      "/home/ec2-user/environment/TAMURAT_NEW/app/helpers/scenarios_helper.rb": [
        1,
        null
      ],
      "/home/ec2-user/environment/TAMURAT_NEW/app/helpers/sessions_helper.rb": [
        1,
        null,
        null,
        1,
        0,
        null,
        null,
        null,
        1,
        27,
        24,
        null,
        null,
        null,
        null,
        1,
        10,
        null,
        null,
        null,
        1,
        14,
        null,
        null,
        null,
        1,
        2,
        null,
        null,
        1,
        0,
        null,
        null,
        1,
        0,
        null,
        null,
        1,
        0,
        null,
        null,
        null,
        1,
        0,
        0,
        null,
        null,
        null,
        1,
        0,
        0,
        null,
        null,
        null,
        1,
        1,
        null,
        null
      ],
      "/home/ec2-user/environment/TAMURAT_NEW/app/helpers/static_pages_helper.rb": [
        1,
        null
      ],
      "/home/ec2-user/environment/TAMURAT_NEW/app/helpers/subcategories_helper.rb": [
        1,
        null
      ],
      "/home/ec2-user/environment/TAMURAT_NEW/app/helpers/users_helper.rb": [
        1,
        null,
        1,
        0,
        0,
        0,
        0,
        null,
        null,
        null
      ],
      "/home/ec2-user/environment/TAMURAT_NEW/app/controllers/static_pages_controller.rb": [
        1,
        1,
        1,
        1,
        null,
        null,
        1,
        null,
        null,
        1,
        null,
        null,
        1,
        null,
        null
      ],
      "/home/ec2-user/environment/TAMURAT_NEW/app/controllers/application_controller.rb": [
        1,
        1,
        1,
        null,
        null,
        1,
        13,
        1,
        1,
        1,
        null,
        null,
        null,
        null,
        1,
        2,
        null,
        null
      ],
      "/home/ec2-user/environment/TAMURAT_NEW/app/controllers/users_controller.rb": [
        1,
        1,
        1,
        1,
        null,
        1,
        2,
        null,
        null,
        1,
        2,
        null,
        null,
        1,
        2,
        null,
        null,
        1,
        null,
        4,
        4,
        1,
        null,
        3,
        null,
        4,
        2,
        2,
        null,
        2,
        null,
        null,
        null,
        1,
        2,
        null,
        null,
        1,
        6,
        6,
        2,
        2,
        null,
        4,
        null,
        null,
        null,
        1,
        1,
        1,
        1,
        null,
        null,
        1,
        null,
        1,
        4,
        null,
        null,
        1,
        0,
        null,
        null,
        1,
        6,
        null,
        null,
        null,
        null,
        null,
        null,
        null,
        null,
        null,
        null,
        null,
        null,
        1,
        10,
        null,
        null,
        10,
        null,
        null,
        null,
        null
      ],
      "/home/ec2-user/environment/TAMURAT_NEW/app/mailers/user_mailer.rb": [
        1,
        null,
        null,
        null,
        null,
        null,
        null,
        1,
        1,
        null,
        1,
        null,
        null,
        null,
        null,
        null,
        null,
        null,
        null,
        null,
        1,
        1,
        1,
        null,
        null
      ],
      "/home/ec2-user/environment/TAMURAT_NEW/app/mailers/application_mailer.rb": [
        1,
        1,
        1,
        null
      ],
      "/home/ec2-user/environment/TAMURAT_NEW/app/models/category_score.rb": [
        1,
        null
      ],
      "/home/ec2-user/environment/TAMURAT_NEW/app/models/subcategory_score.rb": [
        1,
        null
      ],
      "/home/ec2-user/environment/TAMURAT_NEW/app/models/scenario.rb": [
        1,
        1,
        3,
        1,
        1,
        1,
        null
      ],
      "/home/ec2-user/environment/TAMURAT_NEW/app/models/subcompany.rb": [
        1,
        1,
        1,
        1,
        null
      ],
      "/home/ec2-user/environment/TAMURAT_NEW/app/models/company.rb": [
        1,
        1,
        1,
        1,
        null
      ],
      "/home/ec2-user/environment/TAMURAT_NEW/app/models/answer.rb": [
        1,
        1,
        1,
        1,
        null
      ],
      "/home/ec2-user/environment/TAMURAT_NEW/app/controllers/subcategories_controller.rb": [
        0,
        null,
        0,
        null,
        0,
        0,
        null,
        null,
        null,
        0,
        0,
        0,
        null,
        0,
        0,
        0,
        null,
        null,
        0,
        0,
        0,
        0,
        null,
        null,
        0,
        0,
        null,
        0,
        0,
        null,
        0,
        0,
        null,
        0,
        0,
        null,
        0,
        0,
        null,
        0,
        0,
        0,
        0,
        0,
        0,
        null,
        0,
        null,
        0,
        0,
        0,
        0,
        0,
        0,
        0,
        null,
        0,
        null,
        0,
        0,
        0,
        0,
        0,
        0,
        0,
        null,
        0,
        0,
        0,
        0,
        null,
        0,
        0,
        0,
        0,
        0,
        null,
        0,
        0,
        0,
        null,
        0,
        0,
        null,
        0,
        null,
        0,
        null,
        null,
        null,
        null,
        null,
        null,
        0,
        0,
        0,
        null,
        0,
        null,
        0,
        null,
        0,
        0,
        0,
        0,
        0,
        0,
        0,
        0,
        null,
        0,
        0,
        0,
        null,
        0,
        0,
        null,
        0,
        0,
        0,
        0,
        null,
        0,
        0,
        0,
        0,
        0,
        0,
        null,
        null,
        0
      ],
      "/home/ec2-user/environment/TAMURAT_NEW/app/controllers/scales_controller.rb": [
        0,
        0,
        0,
        0,
        null,
        null,
        null,
        0,
        0,
        0,
        null,
        null,
        null,
        0,
        0,
        null,
        null,
        0,
        0,
        0,
        null,
        null,
        0,
        0,
        null,
        null,
        null,
        0,
        0,
        0,
        0,
        0,
        0,
        0,
        0,
        0,
        null,
        0,
        0,
        0,
        0,
        0,
        0,
        0,
        0,
        null,
        null,
        0,
        0,
        0,
        0,
        0,
        null,
        0,
        null,
        0,
        0,
        0,
        null,
        null,
        0,
        0,
        0,
        0
      ],
      "/home/ec2-user/environment/TAMURAT_NEW/app/controllers/account_activations_controller.rb": [
        0,
        null,
        0,
        0,
        0,
        0,
        0,
        0,
        0,
        0,
        0,
        0,
        0,
        0,
        0,
        0
      ],
      "/home/ec2-user/environment/TAMURAT_NEW/app/controllers/questions_controller.rb": [
        0,
        null,
        0,
        null,
        0,
        0,
        null,
        0,
        null,
        0,
        0,
        0,
        0,
        0,
        0,
        0,
        0,
        0,
        0,
        0,
        null,
        0,
        0,
        0,
        null,
        0,
        null,
        0,
        0,
        0,
        null,
        0,
        0,
        0,
        0,
        null,
        0,
        0,
        0,
        0,
        null,
        null,
        0,
        0,
        0,
        0,
        0,
        0,
        0,
        0,
        null,
        0,
        0,
        0,
        0,
        0,
        0,
        null,
        0,
        0,
        0,
        0,
        0,
        0,
        0,
        0,
        null,
        0,
        0,
        0,
        0,
        null,
        0,
        0,
        0,
        0,
        0,
        null,
        0,
        0,
        0,
        0,
        0,
        0,
        null,
        0,
        0,
        0,
        0,
        null,
        null,
        null,
        0,
        null,
        0,
        0,
        0,
        0,
        0,
        0,
        0,
        0,
        null,
        0,
        0,
        0,
        0,
        0,
        0,
        null,
        null,
        0,
        0,
        0,
        null,
        0,
        0,
        null,
        0,
        0,
        0,
        0,
        0
      ],
      "/home/ec2-user/environment/TAMURAT_NEW/app/controllers/sessions_controller.rb": [
        0,
        null,
        0,
        0,
        null,
        0,
        0,
        0,
        0,
        0,
        0,
        0,
        0,
        0,
        0,
        0,
        0,
        0,
        0,
        0,
        0,
        0,
        null,
        0,
        0,
        0,
        0,
        0
      ],
      "/home/ec2-user/environment/TAMURAT_NEW/app/controllers/answers_controller.rb": [
        0,
        0,
        null,
        0,
        null,
        0,
        null,
        0,
        null,
        0,
        null,
        0,
        null,
        0,
        null,
        0,
        null,
        0,
        null,
        0,
        0,
        0,
        0,
        0,
        0,
        0,
        0,
        0,
        0,
        0,
        null,
        0,
        null,
        0,
        null,
        0
      ],
      "/home/ec2-user/environment/TAMURAT_NEW/app/controllers/password_resets_controller.rb": [
        0,
        0,
        0,
        0,
        null,
        0,
        0,
        null,
        0,
        0,
        null,
        0,
        0,
        0,
        0,
        0,
        0,
        0,
        0,
        0,
        0,
        0,
        0,
        null,
        0,
        0,
        0,
        0,
        0,
        0,
        0,
        0,
        0,
        0,
        0,
        0,
        0,
        null,
        0,
        0,
        0,
        0,
        null,
        0,
        0,
        0,
        null,
        null,
        0,
        0,
        0,
        0,
        0,
        0,
        null,
        0,
        0,
        0,
        0,
        0,
        0,
        null,
        0
      ],
      "/home/ec2-user/environment/TAMURAT_NEW/app/controllers/categories_controller.rb": [
        0,
        null,
        0,
        null,
        0,
        0,
        0,
        null,
        0,
        0,
        0,
        null,
        0,
        0,
        0,
        0,
        0,
        0,
        0,
        null,
        0,
        0,
        0,
        0,
        0,
        0,
        0,
        null,
        0,
        0,
        0,
        null,
        0,
        0,
        0,
        0,
        null,
        0,
        0,
        null,
        0,
        null,
        null,
        null,
        null,
        null,
        null,
        null,
        null,
        null,
        null,
        0,
        0,
        0,
        0,
        null,
        0,
        0,
        0,
        0,
        0,
        0,
        0,
        0,
        0,
        0,
        null,
        0,
        0,
        0,
        0,
        0,
        0,
        0
      ],
      "/home/ec2-user/environment/TAMURAT_NEW/app/controllers/activate_controller.rb": [
        0,
        0,
        0,
        0,
        0,
        0,
        0,
        0,
        0,
        0,
        0,
        0,
        0,
        0,
        0,
        0,
        0,
        0,
        0,
        0,
        0,
        0,
        0,
        0,
        0,
        null,
        0
      ],
      "/home/ec2-user/environment/TAMURAT_NEW/app/controllers/scenarios_controller.rb": [
        0,
        null,
        null,
        0,
        null,
        0,
        0,
        null,
        0,
        0,
        0,
        0,
        0,
        0,
        0,
        null,
        0,
        0,
        0,
        null,
        0,
        0,
        0,
        null,
        0,
        0,
        0,
        0,
        0,
        0,
        null,
        0,
        null,
        0,
        0,
        0,
        0,
        0,
        0,
        null,
        0,
        0,
        0,
        0,
        0,
        null,
        0,
        0,
        0,
        0,
        0,
        0,
        0,
        0,
        0,
        0,
        0,
        null,
        0,
        0,
        0,
        0,
        0,
        0,
        0,
        0,
        0,
        0,
        null,
        0,
        null,
        0,
        0,
        0,
        null,
        0,
        null,
        0,
        0,
        0,
        null,
        0,
        null,
        0,
        0,
        0,
        0,
        null,
        null,
        0,
        null,
        null,
        0
      ],
      "/home/ec2-user/environment/TAMURAT_NEW/app/models/subcategory.rb": [
        0,
        0,
        0,
        null,
        0,
        0,
        0,
        0
      ],
      "/home/ec2-user/environment/TAMURAT_NEW/app/models/scale.rb": [
        0,
        0,
        null,
        0
      ],
      "/home/ec2-user/environment/TAMURAT_NEW/app/models/question.rb": [
        0,
        0,
        0,
        0,
        0,
        0
      ],
      "/home/ec2-user/environment/TAMURAT_NEW/app/models/category.rb": [
        0,
        null,
        0,
        0,
        null,
        0,
        0,
        null,
        0
      ],
      "/home/ec2-user/environment/TAMURAT_NEW/app/jobs/application_job.rb": [
        0,
        0
      ],
      "/home/ec2-user/environment/TAMURAT_NEW/app/channels/application_cable/connection.rb": [
        0,
        0,
        0,
        0
      ],
      "/home/ec2-user/environment/TAMURAT_NEW/app/channels/application_cable/channel.rb": [
        0,
        0,
        0,
        0
      ]
    },
    "timestamp": 1554498748
  },
  "Cucumber Features": {
    "coverage": {
      "/home/ec2-user/environment/TAMUART_new/app/models/user.rb": [
        1,
        1,
        1,
        null,
        1,
        null,
        null,
        1,
        null,
        1,
        null,
        1,
        1,
        1,
        null,
        null,
        1,
        1,
        1,
        1,
        1,
        null,
        null,
        null,
        1,
        0,
        0,
        0,
        null,
        null,
        1,
        0,
        null,
        null,
        1,
        0,
        null,
        0,
        null,
        null,
        null,
        1,
        null,
        null,
        0,
        0,
        0,
        0,
        null,
        null,
        null,
        1,
        0,
        0,
        0,
        null,
        null,
        null,
        1,
        0,
        null,
        null,
        null,
        1,
        0,
        0,
        0,
        null,
        null,
        null,
        null,
        null,
        null,
        null,
        null,
        null,
        1,
        null,
        1,
        15,
        null,
        null,
        null
      ],
      "/home/ec2-user/environment/TAMUART_new/app/models/application_record.rb": [
        1,
        1,
        null
      ],
      "/home/ec2-user/environment/TAMUART_new/app/models/company.rb": [
        1,
        1,
        1,
        null,
        null,
        1,
        null,
        null,
        1,
        null,
        null,
        null,
        1,
        null
      ],
      "/home/ec2-user/environment/TAMUART_new/app/models/category.rb": [
        1,
        null,
        1,
        1,
        null,
        1,
        1,
        null,
        null
      ],
      "/home/ec2-user/environment/TAMUART_new/app/models/subcategory.rb": [
        1,
        1,
        1,
        null,
        1,
        1,
        1,
        null
      ],
      "/home/ec2-user/environment/TAMUART_new/app/models/question.rb": [
        1,
        1,
        1,
        1,
        1,
        null
      ],
      "/home/ec2-user/environment/TAMUART_new/app/models/scenario.rb": [
        1,
        1,
        135,
        1,
        1,
        1,
        null
      ],
      "/home/ec2-user/environment/TAMUART_new/app/models/scale.rb": [
        1,
        1,
        null,
        null
      ],
      "/home/ec2-user/environment/TAMUART_new/app/controllers/sessions_controller.rb": [
        1,
        null,
        1,
        null,
        null,
        1,
        2,
        2,
        2,
        2,
        2,
        null,
        0,
        0,
        0,
        0,
        null,
        null,
        0,
        0,
        null,
        null,
        null,
        1,
        0,
        0,
        null,
        null
      ],
      "/home/ec2-user/environment/TAMUART_new/app/controllers/application_controller.rb": [
        1,
        1,
        1,
        null,
        null,
        1,
        3,
        0,
        0,
        0,
        null,
        null,
        null,
        null,
        1,
        4,
        null,
        null
      ],
      "/home/ec2-user/environment/TAMUART_new/app/helpers/application_helper.rb": [
        1,
        null,
        1,
        7,
        7,
        2,
        null,
        5,
        null,
        null,
        null
      ],
      "/home/ec2-user/environment/TAMUART_new/app/helpers/account_activations_helper.rb": [
        1,
        null
      ],
      "/home/ec2-user/environment/TAMUART_new/app/helpers/answers_helper.rb": [
        1,
        1,
        0,
        0,
        null,
        0,
        null,
        null,
        null,
        null,
        null,
        1,
        0,
        0,
        0,
        null,
        0,
        null,
        null,
        null,
        null,
        1,
        0,
        0,
        0,
        null,
        0,
        null,
        null,
        null,
        null
      ],
      "/home/ec2-user/environment/TAMUART_new/app/helpers/categories_helper.rb": [
        1,
        null
      ],
      "/home/ec2-user/environment/TAMUART_new/app/helpers/companies_helper.rb": [
        1,
        1,
        0,
        null,
        null
      ],
      "/home/ec2-user/environment/TAMUART_new/app/helpers/password_resets_helper.rb": [
        1,
        null
      ],
      "/home/ec2-user/environment/TAMUART_new/app/helpers/questions_helper.rb": [
        1,
        null
      ],
      "/home/ec2-user/environment/TAMUART_new/app/helpers/scales_helper.rb": [
        1,
        null
      ],
      "/home/ec2-user/environment/TAMUART_new/app/helpers/scenarios_helper.rb": [
        1,
        null
      ],
      "/home/ec2-user/environment/TAMUART_new/app/helpers/sessions_helper.rb": [
        1,
        null,
        null,
        1,
        2,
        null,
        null,
        null,
        1,
        125,
        123,
        null,
        null,
        null,
        null,
        1,
        44,
        null,
        null,
        null,
        1,
        14,
        null,
        null,
        null,
        1,
        53,
        null,
        null,
        1,
        0,
        null,
        null,
        1,
        0,
        null,
        null,
        1,
        0,
        null,
        null,
        null,
        1,
        0,
        0,
        null,
        null,
        null,
        1,
        2,
        2,
        null,
        null,
        null,
        1,
        0,
        null,
        null
      ],
      "/home/ec2-user/environment/TAMUART_new/app/helpers/static_pages_helper.rb": [
        1,
        null
      ],
      "/home/ec2-user/environment/TAMUART_new/app/helpers/subcategories_helper.rb": [
        1,
        null
      ],
      "/home/ec2-user/environment/TAMUART_new/app/helpers/users_helper.rb": [
        1,
        null,
        1,
        44,
        44,
        44,
        44,
        null,
        null,
        null
      ],
      "/home/ec2-user/environment/TAMUART_new/app/controllers/static_pages_controller.rb": [
        1,
        1,
        2,
        2,
        null,
        null,
        1,
        null,
        null,
        1,
        null,
        null,
        1,
        null,
        null
      ],
      "/home/ec2-user/environment/TAMUART_new/app/controllers/users_controller.rb": [
        1,
        1,
        1,
        1,
        null,
        1,
        3,
        null,
        null,
        1,
        0,
        null,
        null,
        1,
        0,
        null,
        null,
        1,
        null,
        0,
        0,
        0,
        null,
        0,
        null,
        0,
        0,
        0,
        null,
        0,
        null,
        null,
        null,
        1,
        0,
        null,
        null,
        1,
        0,
        0,
        0,
        0,
        null,
        0,
        null,
        null,
        null,
        1,
        1,
        1,
        1,
        null,
        null,
        1,
        null,
        1,
        0,
        null,
        null,
        1,
        0,
        null,
        null,
        1,
        0,
        null,
        null,
        null,
        null,
        null,
        null,
        null,
        null,
        null,
        null,
        null,
        null,
        1,
        0,
        null,
        null,
        0,
        null,
        null,
        null,
        null
      ],
      "/home/ec2-user/environment/TAMUART_new/app/controllers/subcategories_controller.rb": [
        0,
        null,
        0,
        null,
        0,
        0,
        null,
        null,
        null,
        0,
        0,
        0,
        null,
        0,
        0,
        0,
        null,
        null,
        0,
        0,
        0,
        0,
        null,
        null,
        0,
        0,
        null,
        0,
        0,
        null,
        0,
        0,
        null,
        0,
        0,
        null,
        0,
        0,
        null,
        0,
        0,
        0,
        0,
        0,
        0,
        null,
        0,
        null,
        0,
        0,
        0,
        0,
        0,
        0,
        0,
        null,
        0,
        null,
        0,
        0,
        0,
        0,
        0,
        0,
        0,
        null,
        0,
        0,
        0,
        0,
        null,
        0,
        0,
        0,
        0,
        0,
        null,
        0,
        0,
        0,
        null,
        0,
        0,
        null,
        0,
        null,
        0,
        null,
        null,
        null,
        null,
        null,
        null,
        0,
        0,
        0,
        null,
        0,
        null,
        0,
        null,
        0,
        0,
        0,
        0,
        0,
        0,
        0,
        0,
        null,
        0,
        0,
        0,
        null,
        0,
        0,
        null,
        0,
        0,
        0,
        0,
        null,
        0,
        0,
        0,
        0,
        0,
        0,
        null,
        null,
        0
      ],
      "/home/ec2-user/environment/TAMUART_new/app/controllers/scales_controller.rb": [
        0,
        0,
        0,
        0,
        null,
        null,
        null,
        0,
        0,
        0,
        null,
        null,
        null,
        0,
        0,
        null,
        null,
        0,
        0,
        0,
        null,
        null,
        0,
        0,
        null,
        null,
        null,
        0,
        0,
        0,
        0,
        0,
        0,
        0,
        0,
        0,
        null,
        0,
        0,
        0,
        0,
        0,
        0,
        0,
        0,
        null,
        null,
        0,
        0,
        0,
        0,
        0,
        null,
        0,
        null,
        0,
        0,
        0,
        null,
        null,
        0,
        0,
        0,
        0
      ],
      "/home/ec2-user/environment/TAMUART_new/app/controllers/account_activations_controller.rb": [
        0,
        null,
        0,
        0,
        0,
        0,
        0,
        0,
        0,
        0,
        0,
        0,
        0,
        0,
        0,
        0
      ],
      "/home/ec2-user/environment/TAMUART_new/app/controllers/companies_controller.rb": [
        0,
        0,
        0,
        0,
        0,
        0,
        null,
        0,
        0,
        0,
        0,
        0,
        0,
        0,
        0
      ],
      "/home/ec2-user/environment/TAMUART_new/app/controllers/questions_controller.rb": [
        0,
        null,
        0,
        null,
        0,
        0,
        null,
        0,
        null,
        0,
        0,
        0,
        0,
        0,
        0,
        0,
        0,
        0,
        0,
        0,
        null,
        0,
        0,
        0,
        null,
        0,
        null,
        0,
        0,
        0,
        null,
        0,
        0,
        0,
        0,
        null,
        0,
        0,
        0,
        0,
        null,
        null,
        0,
        0,
        0,
        0,
        0,
        0,
        0,
        0,
        null,
        0,
        0,
        0,
        0,
        0,
        0,
        null,
        0,
        0,
        0,
        0,
        0,
        0,
        0,
        0,
        null,
        0,
        0,
        0,
        0,
        null,
        0,
        0,
        0,
        0,
        0,
        null,
        0,
        0,
        0,
        0,
        0,
        0,
        null,
        0,
        0,
        0,
        0,
        null,
        null,
        null,
        0,
        null,
        0,
        0,
        0,
        0,
        0,
        0,
        0,
        0,
        null,
        0,
        0,
        0,
        0,
        0,
        0,
        null,
        null,
        0,
        0,
        0,
        null,
        0,
        0,
        null,
        0,
        0,
        0,
        0,
        0
      ],
      "/home/ec2-user/environment/TAMUART_new/app/controllers/answers_controller.rb": [
        0,
        null,
        0,
        null,
        0,
        0,
        null,
        null,
        0,
        0,
        0,
        0,
        0,
        0,
        0,
        0,
        0,
        0,
        0,
        null,
        0,
        0,
        0,
        0,
        0,
        0,
        0,
        0,
        null,
        0,
        0,
        0,
        null,
        0,
        0,
        0,
        0,
        null,
        0,
        0,
        0,
        0,
        0,
        0,
        0,
        0,
        0,
        null,
        null,
        0,
        null,
        0,
        0,
        0,
        0,
        0,
        0,
        null,
        0,
        0,
        0,
        null,
        0,
        null,
        0,
        null,
        0,
        0,
        0,
        0,
        null,
        0,
        0,
        0,
        0,
        0,
        0,
        null,
        0,
        0,
        0,
        0,
        0,
        0,
        0,
        0,
        0,
        0,
        null,
        0,
        0,
        null,
        0,
        0,
        0,
        null,
        0,
        0,
        0,
        null,
        0,
        0,
        0,
        0,
        0,
        0,
        null,
        0,
        0,
        0,
        0,
        0,
        0,
        null,
        0
      ],
      "/home/ec2-user/environment/TAMUART_new/app/controllers/password_resets_controller.rb": [
        0,
        0,
        0,
        0,
        null,
        0,
        0,
        null,
        0,
        0,
        null,
        0,
        0,
        0,
        0,
        0,
        0,
        0,
        0,
        0,
        0,
        0,
        0,
        null,
        0,
        0,
        0,
        0,
        0,
        0,
        0,
        0,
        0,
        0,
        0,
        0,
        0,
        null,
        0,
        0,
        0,
        0,
        null,
        0,
        0,
        0,
        null,
        null,
        0,
        0,
        0,
        0,
        0,
        0,
        null,
        0,
        0,
        0,
        0,
        0,
        0,
        null,
        0
      ],
      "/home/ec2-user/environment/TAMUART_new/app/controllers/categories_controller.rb": [
        0,
        null,
        0,
        null,
        0,
        0,
        0,
        null,
        0,
        0,
        0,
        null,
        0,
        0,
        0,
        0,
        0,
        0,
        0,
        null,
        0,
        0,
        0,
        0,
        0,
        0,
        0,
        null,
        0,
        0,
        0,
        null,
        0,
        0,
        0,
        0,
        null,
        0,
        0,
        null,
        0,
        null,
        null,
        null,
        null,
        null,
        null,
        null,
        null,
        null,
        null,
        0,
        0,
        0,
        0,
        null,
        0,
        0,
        0,
        0,
        0,
        0,
        0,
        0,
        0,
        0,
        null,
        0,
        0,
        0,
        0,
        0,
        0,
        0
      ],
      "/home/ec2-user/environment/TAMUART_new/app/controllers/activate_controller.rb": [
        0,
        0,
        0,
        0,
        0,
        0,
        0,
        0,
        0,
        0,
        0,
        0,
        0,
        0,
        0,
        0,
        0,
        0,
        0,
        0,
        0,
        0,
        0,
        0,
        0,
        null,
        0
      ],
      "/home/ec2-user/environment/TAMUART_new/app/controllers/scenarios_controller.rb": [
        0,
        null,
        null,
        0,
        null,
        0,
        0,
        null,
        0,
        0,
        0,
        0,
        0,
        0,
        0,
        null,
        0,
        0,
        0,
        null,
        0,
        0,
        0,
        null,
        0,
        0,
        0,
        0,
        0,
        0,
        null,
        0,
        null,
        0,
        0,
        0,
        0,
        0,
        0,
        null,
        0,
        0,
        0,
        0,
        0,
        null,
        0,
        0,
        0,
        0,
        0,
        0,
        0,
        0,
        0,
        0,
        0,
        null,
        0,
        0,
        0,
        0,
        0,
        0,
        0,
        0,
        0,
        0,
        null,
        0,
        null,
        0,
        0,
        0,
        null,
        0,
        null,
        0,
        0,
        0,
        null,
        0,
        null,
        0,
        0,
        0,
        0,
        null,
        null,
        0,
        null,
        null,
        0
      ],
      "/home/ec2-user/environment/TAMUART_new/app/mailers/application_mailer.rb": [
        0,
        0,
        0,
        0
      ],
      "/home/ec2-user/environment/TAMUART_new/app/mailers/user_mailer.rb": [
        0,
        null,
        null,
        null,
        null,
        null,
        null,
        0,
        0,
        null,
        0,
        0,
        null,
        null,
        null,
        null,
        null,
        null,
        null,
        null,
        0,
        0,
        0,
        0,
        0
      ],
      "/home/ec2-user/environment/TAMUART_new/app/models/subcategory_score.rb": [
        0,
        0
      ],
      "/home/ec2-user/environment/TAMUART_new/app/models/category_score.rb": [
        0,
        0
      ],
      "/home/ec2-user/environment/TAMUART_new/app/models/answer.rb": [
        0,
        0,
        0,
        0,
        0
      ],
      "/home/ec2-user/environment/TAMUART_new/app/jobs/application_job.rb": [
        0,
        0
      ],
      "/home/ec2-user/environment/TAMUART_new/app/channels/application_cable/connection.rb": [
        0,
        0,
        0,
        0
      ],
      "/home/ec2-user/environment/TAMUART_new/app/channels/application_cable/channel.rb": [
        0,
        0,
        0,
        0
      ]
    },
    "timestamp": 1554854836
  }
}
